\BOOKMARK [1][-]{section.1}{\376\377\000P\000r\000o\000j\000e\000c\000t\000\040\000M\000o\000t\000i\000v\000a\000t\000i\000o\000n}{}% 1
\BOOKMARK [1][-]{section.2}{\376\377\000P\000r\000o\000b\000l\000e\000m\000\040\000D\000e\000f\000i\000n\000i\000t\000i\000o\000n}{}% 2
\BOOKMARK [1][-]{section.3}{\376\377\000D\000a\000t\000a\000s\000e\000t\000\040\000a\000n\000d\000\040\000P\000r\000e\000p\000r\000o\000c\000e\000s\000s\000i\000n\000g}{}% 3
\BOOKMARK [1][-]{section.4}{\376\377\000T\000a\000s\000k\000\040\0001\000:\000\040\000L\000S\000T\000M\000\040\000A\000u\000t\000o\000e\000n\000c\000o\000d\000e\000r}{}% 4
\BOOKMARK [1][-]{section.5}{\376\377\000T\000a\000s\000k\000\040\0002\000:\000\040\000V\000a\000r\000i\000a\000t\000i\000o\000n\000a\000l\000\040\000A\000u\000t\000o\000e\000n\000c\000o\000d\000e\000r}{}% 5
\BOOKMARK [1][-]{section.6}{\376\377\000T\000a\000s\000k\000\040\0003\000:\000\040\000T\000r\000a\000n\000s\000f\000o\000r\000m\000e\000r\000\040\000D\000e\000c\000o\000d\000e\000r}{}% 6
\BOOKMARK [1][-]{section.7}{\376\377\000T\000a\000s\000k\000\040\0004\000:\000\040\000H\000u\000m\000a\000n\000\040\000P\000r\000e\000f\000e\000r\000e\000n\000c\000e\000\040\000T\000u\000n\000i\000n\000g}{}% 7
\BOOKMARK [1][-]{section.8}{\376\377\000B\000a\000s\000e\000l\000i\000n\000e\000s}{}% 8
\BOOKMARK [1][-]{section.9}{\376\377\000E\000v\000a\000l\000u\000a\000t\000i\000o\000n\000\040\000M\000e\000t\000r\000i\000c\000s}{}% 9
\BOOKMARK [1][-]{section.10}{\376\377\000I\000m\000p\000l\000e\000m\000e\000n\000t\000a\000t\000i\000o\000n\000\040\000D\000e\000t\000a\000i\000l\000s}{}% 10
\BOOKMARK [1][-]{section.11}{\376\377\000E\000x\000p\000e\000r\000i\000m\000e\000n\000t\000a\000l\000\040\000P\000r\000o\000c\000e\000d\000u\000r\000e}{}% 11
\BOOKMARK [1][-]{section.12}{\376\377\000R\000e\000s\000u\000l\000t\000\040\000P\000l\000a\000c\000e\000h\000o\000l\000d\000e\000r\000s}{}% 12
\BOOKMARK [2][-]{subsection.12.1}{\376\377\000T\000a\000s\000k\000\040\0001\000\040\000R\000e\000s\000u\000l\000t\000s\000:\000\040\000L\000S\000T\000M\000\040\000A\000u\000t\000o\000e\000n\000c\000o\000d\000e\000r}{section.12}% 13
\BOOKMARK [2][-]{subsection.12.2}{\376\377\000T\000a\000s\000k\000\040\0002\000\040\000R\000e\000s\000u\000l\000t\000s\000:\000\040\000V\000a\000r\000i\000a\000t\000i\000o\000n\000a\000l\000\040\000A\000u\000t\000o\000e\000n\000c\000o\000d\000e\000r}{section.12}% 14
\BOOKMARK [2][-]{subsection.12.3}{\376\377\000T\000a\000s\000k\000\040\0003\000\040\000R\000e\000s\000u\000l\000t\000s\000:\000\040\000T\000r\000a\000n\000s\000f\000o\000r\000m\000e\000r\000\040\000D\000e\000c\000o\000d\000e\000r}{section.12}% 15
\BOOKMARK [2][-]{subsection.12.4}{\376\377\000T\000a\000s\000k\000\040\0004\000\040\000R\000e\000s\000u\000l\000t\000s\000:\000\040\000P\000r\000e\000f\000e\000r\000e\000n\000c\000e\000-\000B\000a\000s\000e\000d\000\040\000F\000i\000n\000e\000-\000T\000u\000n\000i\000n\000g}{section.12}% 16
\BOOKMARK [2][-]{subsection.12.5}{\376\377\000B\000e\000f\000o\000r\000e\000\040\000a\000n\000d\000\040\000A\000f\000t\000e\000r\000\040\000C\000o\000m\000p\000a\000r\000i\000s\000o\000n}{section.12}% 17
\BOOKMARK [2][-]{subsection.12.6}{\376\377\000Q\000u\000a\000n\000t\000i\000t\000a\000t\000i\000v\000e\000\040\000M\000e\000t\000r\000i\000c\000\040\000S\000u\000m\000m\000a\000r\000y}{section.12}% 18
\BOOKMARK [2][-]{subsection.12.7}{\376\377\000B\000a\000s\000e\000l\000i\000n\000e\000\040\000C\000o\000m\000p\000a\000r\000i\000s\000o\000n}{section.12}% 19
\BOOKMARK [2][-]{subsection.12.8}{\376\377\000H\000u\000m\000a\000n\000\040\000L\000i\000s\000t\000e\000n\000i\000n\000g\000\040\000S\000c\000o\000r\000e}{section.12}% 20
\BOOKMARK [2][-]{subsection.12.9}{\376\377\000G\000e\000n\000e\000r\000a\000t\000e\000d\000\040\000M\000I\000D\000I\000\040\000O\000u\000t\000p\000u\000t\000s}{section.12}% 21
\BOOKMARK [1][-]{section.13}{\376\377\000C\000o\000n\000c\000l\000u\000s\000i\000o\000n}{}% 22
